[2020-11-09T20:53:19.408] [DEBUG] cheese - login => username:root,password:admin123
[2020-11-09T20:53:19.419] [DEBUG] cheese - root
[2020-11-09T20:53:20.739] [DEBUG] cheese - null
[2020-11-09T20:53:20.739] [DEBUG] cheese - null
[2020-11-11T14:50:50.378] [DEBUG] cheese - login => username:admin,password:123456
[2020-11-11T14:50:50.521] [DEBUG] cheese - admin
[2020-11-11T14:50:51.599] [DEBUG] cheese - null
[2020-11-11T14:50:51.638] [DEBUG] cheese - null
[2020-11-18T18:28:58.890] [DEBUG] cheese - login => username:admin,password:123456
[2020-11-18T18:28:58.892] [DEBUG] cheese - admin
[2020-11-18T18:28:59.289] [DEBUG] cheese - null
[2020-11-18T18:28:59.289] [DEBUG] cheese - null
[2020-11-18T19:05:33.900] [DEBUG] cheese - login => username:admin,password:123456
[2020-11-18T19:05:33.902] [DEBUG] cheese - admin
[2020-11-18T19:05:33.948] [DEBUG] cheese - null
[2020-11-18T19:05:33.948] [DEBUG] cheese - null
[2020-11-18T19:07:50.206] [DEBUG] cheese - login => username:admin,password:123456
[2020-11-18T19:07:50.206] [DEBUG] cheese - admin
[2020-11-18T19:07:50.210] [DEBUG] cheese - null
[2020-11-18T19:07:50.211] [DEBUG] cheese - null
[2020-11-18T19:08:06.134] [DEBUG] cheese - login => username:admin,password:123456
[2020-11-18T19:08:06.134] [DEBUG] cheese - admin
[2020-11-18T19:08:06.137] [DEBUG] cheese - null
[2020-11-18T19:08:06.137] [DEBUG] cheese - null
[2020-11-19T16:39:25.066] [DEBUG] cheese - login => username:admin,password:123456
[2020-11-19T16:39:25.069] [DEBUG] cheese - admin
[2020-11-19T16:39:25.192] [DEBUG] cheese - null
[2020-11-19T16:39:25.193] [DEBUG] cheese - null
[2020-11-19T16:50:25.744] [DEBUG] cheese - login => username:admin,password:123456
[2020-11-19T16:50:25.744] [DEBUG] cheese - admin
[2020-11-19T16:50:25.747] [DEBUG] cheese - null
[2020-11-19T16:50:25.747] [DEBUG] cheese - null
[2020-11-19T18:42:00.485] [DEBUG] cheese - login => username:admin,password:123456
[2020-11-19T18:42:00.487] [DEBUG] cheese - admin
[2020-11-19T18:42:00.493] [DEBUG] cheese - null
[2020-11-19T18:42:00.494] [DEBUG] cheese - null
[2020-11-19T18:44:49.731] [DEBUG] cheese - login => username:admin,password:123456
[2020-11-19T18:44:49.732] [DEBUG] cheese - admin
[2020-11-19T18:44:49.736] [DEBUG] cheese - null
[2020-11-19T18:44:49.736] [DEBUG] cheese - null
[2020-11-19T20:55:06.790] [DEBUG] cheese - login => username:admin,password:123456
[2020-11-19T20:55:06.791] [DEBUG] cheese - admin
[2020-11-19T20:55:06.799] [DEBUG] cheese - null
[2020-11-19T20:55:06.799] [DEBUG] cheese - null
